[0.008s] Invoking command in '/home/ymz/Codes/ros2_learning/chapt3/chapt3_ws/build/example_topic_rclcpp': CMAKE_PREFIX_PATH=${CMAKE_PREFIX_PATH}:/opt/ros/humble /usr/bin/cmake --build /home/ymz/Codes/ros2_learning/chapt3/chapt3_ws/build/example_topic_rclcpp -- -j4 -l4
[0.036s] [35m[1mConsolidate compiler generated dependencies of target topic_subscriber_01[0m
[0.044s] [ 50%] Built target topic_publisher_01
[0.045s] [ 75%] [32mBuilding CXX object CMakeFiles/topic_subscriber_01.dir/src/topic_subscriber_01.cpp.o[0m
[1.572s] [01m[K/home/ymz/Codes/ros2_learning/chapt3/chapt3_ws/src/example_topic_rclcpp/src/topic_subscriber_01.cpp:14:50:[m[K [01;31m[Kerror: [m[Kâ€˜[01m[KShardPtr[m[Kâ€™ in â€˜[01m[Kclass rclcpp::Subscription<std_msgs::msg::String_<std::allocator<void> > >[m[Kâ€™ does not name a type
[1.572s]    14 |     rclcpp::Subscription<std_msgs::msg::String>::[01;31m[KShardPtr[m[K command_subscriber_;
[1.572s]       |                                                  [01;31m[K^~~~~~~~[m[K
[1.573s] [01m[K/home/ymz/Codes/ros2_learning/chapt3/chapt3_ws/src/example_topic_rclcpp/src/topic_subscriber_01.cpp:15:5:[m[K [01;31m[Kerror: [m[Kâ€˜[01m[Kcoid[m[Kâ€™ does not name a type; did you mean â€˜[01m[Kvoid[m[Kâ€™?
[1.573s]    15 |     [01;31m[Kcoid[m[K command_callback(const std_msgs::msg::String::SharedPtr msg)
[1.573s]       |     [01;31m[K^~~~[m[K
[1.573s]       |     [32m[Kvoid[m[K
[1.579s] [01m[K/home/ymz/Codes/ros2_learning/chapt3/chapt3_ws/src/example_topic_rclcpp/src/topic_subscriber_01.cpp:[m[K In constructor â€˜[01m[KTopicSubscriber01::TopicSubscriber01(std::string)[m[Kâ€™:
[1.579s] [01m[K/home/ymz/Codes/ros2_learning/chapt3/chapt3_ws/src/example_topic_rclcpp/src/topic_subscriber_01.cpp:10:9:[m[K [01;31m[Kerror: [m[Kâ€˜[01m[Kcommand_subscriber_[m[Kâ€™ was not declared in this scope; did you mean â€˜[01m[Kcount_subscribers[m[Kâ€™?
[1.579s]    10 |         [01;31m[Kcommand_subscriber_[m[K = this->create_subscription<std_msgs::msg::String>("command",10, std::bind(&TopicSubscriber01::command_callback, this, std::placeholders::_1));
[1.579s]       |         [01;31m[K^~~~~~~~~~~~~~~~~~~[m[K
[1.580s]       |         [32m[Kcount_subscribers[m[K
[1.580s] [01m[K/home/ymz/Codes/ros2_learning/chapt3/chapt3_ws/src/example_topic_rclcpp/src/topic_subscriber_01.cpp:10:124:[m[K [01;31m[Kerror: [m[Kâ€˜[01m[Kcommand_callback[m[Kâ€™ is not a member of â€˜[01m[KTopicSubscriber01[m[Kâ€™
[1.580s]    10 |         command_subscriber_ = this->create_subscription<std_msgs::msg::String>("command",10, std::bind(&TopicSubscriber01::[01;31m[Kcommand_callback[m[K, this, std::placeholders::_1));
[1.580s]       |                                                                                                                            [01;31m[K^~~~~~~~~~~~~~~~[m[K
[1.869s] gmake[2]: *** [CMakeFiles/topic_subscriber_01.dir/build.make:76: CMakeFiles/topic_subscriber_01.dir/src/topic_subscriber_01.cpp.o] Error 1
[1.870s] gmake[1]: *** [CMakeFiles/Makefile2:165: CMakeFiles/topic_subscriber_01.dir/all] Error 2
[1.870s] gmake: *** [Makefile:146: all] Error 2
[1.872s] Invoked command in '/home/ymz/Codes/ros2_learning/chapt3/chapt3_ws/build/example_topic_rclcpp' returned '2': CMAKE_PREFIX_PATH=${CMAKE_PREFIX_PATH}:/opt/ros/humble /usr/bin/cmake --build /home/ymz/Codes/ros2_learning/chapt3/chapt3_ws/build/example_topic_rclcpp -- -j4 -l4
