[01m[K/home/ymz/Codes/ros2_learning/chapt2/chapt2_ws/src/example_cpp/src/node_01.cpp:[m[K In function â€˜[01m[Kint main(int, char**)[m[Kâ€™:
[01m[K/home/ymz/Codes/ros2_learning/chapt2/chapt2_ws/src/example_cpp/src/node_01.cpp:5:12:[m[K [01;31m[Kerror: [m[Kâ€˜[01m[Kinit[m[Kâ€™ was not declared in this scope; did you mean â€˜[01m[Krclcpp::init[m[Kâ€™?
    5 |     rclcpp:[01;31m[Kinit[m[K(argc, argv);
      |            [01;31m[K^~~~[m[K
      |            [32m[Krclcpp::init[m[K
In file included from [01m[K/opt/ros/humble/include/rclcpp/rclcpp/logging.hpp:25[m[K,
                 from [01m[K/opt/ros/humble/include/rclcpp/rclcpp/client.hpp:40[m[K,
                 from [01m[K/opt/ros/humble/include/rclcpp/rclcpp/callback_group.hpp:24[m[K,
                 from [01m[K/opt/ros/humble/include/rclcpp/rclcpp/any_executable.hpp:20[m[K,
                 from [01m[K/opt/ros/humble/include/rclcpp/rclcpp/memory_strategy.hpp:25[m[K,
                 from [01m[K/opt/ros/humble/include/rclcpp/rclcpp/memory_strategies.hpp:18[m[K,
                 from [01m[K/opt/ros/humble/include/rclcpp/rclcpp/executor_options.hpp:20[m[K,
                 from [01m[K/opt/ros/humble/include/rclcpp/rclcpp/executor.hpp:37[m[K,
                 from [01m[K/opt/ros/humble/include/rclcpp/rclcpp/executors/multi_threaded_executor.hpp:25[m[K,
                 from [01m[K/opt/ros/humble/include/rclcpp/rclcpp/executors.hpp:21[m[K,
                 from [01m[K/opt/ros/humble/include/rclcpp/rclcpp/rclcpp.hpp:155[m[K,
                 from [01m[K/home/ymz/Codes/ros2_learning/chapt2/chapt2_ws/src/example_cpp/src/node_01.cpp:1[m[K:
[01m[K/opt/ros/humble/include/rclcpp/rclcpp/utilities.hpp:75:1:[m[K [01;36m[Knote: [m[Kâ€˜[01m[Krclcpp::init[m[Kâ€™ declared here
   75 | [01;36m[Kinit[m[K(
      | [01;36m[K^~~~[m[K
[01m[K/home/ymz/Codes/ros2_learning/chapt2/chapt2_ws/src/example_cpp/src/node_01.cpp:5:5:[m[K [01;35m[Kwarning: [m[Klabel â€˜[01m[Krclcpp[m[Kâ€™ defined but not used [[01;35m[K]8;;https://gcc.gnu.org/onlinedocs/gcc/Warning-Options.html#index-Wunused-label-Wunused-label]8;;[m[K]
    5 |     [01;35m[Krclcpp[m[K:init(argc, argv);
      |     [01;35m[K^~~~~~[m[K
gmake[2]: *** [CMakeFiles/node_01.dir/build.make:76: CMakeFiles/node_01.dir/src/node_01.cpp.o] Error 1
gmake[1]: *** [CMakeFiles/Makefile2:137: CMakeFiles/node_01.dir/all] Error 2
gmake: *** [Makefile:146: all] Error 2
