[0.016s] Invoking command in '/home/ymz/Codes/ros2_learning/chapt3/chapt3_ws/build/example_service_rclcpp': CMAKE_PREFIX_PATH=${CMAKE_PREFIX_PATH}:/opt/ros/humble /usr/bin/cmake --build /home/ymz/Codes/ros2_learning/chapt3/chapt3_ws/build/example_service_rclcpp -- -j4 -l4
[0.083s] -- Found ament_cmake: 1.3.10 (/opt/ros/humble/share/ament_cmake/cmake)
[0.270s] -- Found rclcpp: 16.0.10 (/opt/ros/humble/share/rclcpp/cmake)
[0.324s] -- Found rosidl_generator_c: 3.1.5 (/opt/ros/humble/share/rosidl_generator_c/cmake)
[0.330s] -- Found rosidl_adapter: 3.1.5 (/opt/ros/humble/share/rosidl_adapter/cmake)
[0.344s] -- Found rosidl_generator_cpp: 3.1.5 (/opt/ros/humble/share/rosidl_generator_cpp/cmake)
[0.371s] -- Using all available rosidl_typesupport_c: rosidl_typesupport_fastrtps_c;rosidl_typesupport_introspection_c
[0.393s] -- Using all available rosidl_typesupport_cpp: rosidl_typesupport_fastrtps_cpp;rosidl_typesupport_introspection_cpp
[0.454s] -- Found rmw_implementation_cmake: 6.1.2 (/opt/ros/humble/share/rmw_implementation_cmake/cmake)
[0.459s] -- Found rmw_fastrtps_cpp: 6.2.7 (/opt/ros/humble/share/rmw_fastrtps_cpp/cmake)
[0.613s] -- Using RMW implementation 'rmw_fastrtps_cpp' as default
[0.703s] -- Found ament_lint_auto: 0.12.11 (/opt/ros/humble/share/ament_lint_auto/cmake)
[0.796s] -- Added test 'cppcheck' to perform static code analysis on C / C++ code
[0.796s] -- Configured cppcheck include dirs: 
[0.797s] -- Configured cppcheck exclude dirs and/or files: 
[0.798s] -- Added test 'lint_cmake' to check CMake code style
[0.801s] -- Added test 'uncrustify' to check C / C++ code style
[0.801s] -- Configured uncrustify additional arguments: 
[0.801s] -- Added test 'xmllint' to check XML markup files
[0.806s] -- Found example_interfaces: 0.9.3 (/opt/ros/humble/share/example_interfaces/cmake)
[0.884s] -- Configuring done
[0.913s] -- Generating done
[0.915s] -- Build files have been written to: /home/ymz/Codes/ros2_learning/chapt3/chapt3_ws/build/example_service_rclcpp
[0.964s] [35m[1mConsolidate compiler generated dependencies of target service_server_01[0m
[0.964s] [35m[1mConsolidate compiler generated dependencies of target service_client_01[0m
[1.005s] [ 25%] [32mBuilding CXX object CMakeFiles/service_client_01.dir/src/service_client_01.cpp.o[0m
[1.005s] [ 50%] [32mBuilding CXX object CMakeFiles/service_server_01.dir/src/service_server_01.cpp.o[0m
[3.688s] [01m[K/home/ymz/Codes/ros2_learning/chapt3/chapt3_ws/src/example_service_rclcpp/src/service_server_01.cpp:[m[K In constructor â€˜[01m[KServiceServer01::ServiceServer01(std::string)[m[Kâ€™:
[3.688s] [01m[K/home/ymz/Codes/ros2_learning/chapt3/chapt3_ws/src/example_service_rclcpp/src/service_server_01.cpp:10:24:[m[K [01;31m[Kerror: [m[Kâ€˜[01m[KServiceClient01[m[Kâ€™ has not been declared
[3.689s]    10 |             std::bind(&[01;31m[KServiceClient01[m[K::handle_add_two_ints, this, std::placeholders::_1, std::placeholders::_2)
[3.689s]       |                        [01;31m[K^~~~~~~~~~~~~~~[m[K
[4.054s] gmake[2]: *** [CMakeFiles/service_server_01.dir/build.make:76: CMakeFiles/service_server_01.dir/src/service_server_01.cpp.o] Error 1
[4.054s] gmake[1]: *** [CMakeFiles/Makefile2:165: CMakeFiles/service_server_01.dir/all] Error 2
[4.054s] gmake[1]: *** Waiting for unfinished jobs....
[4.405s] [ 75%] [32m[1mLinking CXX executable service_client_01[0m
[4.673s] [ 75%] Built target service_client_01
[4.675s] gmake: *** [Makefile:146: all] Error 2
[4.680s] Invoked command in '/home/ymz/Codes/ros2_learning/chapt3/chapt3_ws/build/example_service_rclcpp' returned '2': CMAKE_PREFIX_PATH=${CMAKE_PREFIX_PATH}:/opt/ros/humble /usr/bin/cmake --build /home/ymz/Codes/ros2_learning/chapt3/chapt3_ws/build/example_service_rclcpp -- -j4 -l4
