[0.020s] Invoking command in '/home/ymz/Codes/ros2_learning/chapt2/chapt2_ws/build/example_cpp': CMAKE_PREFIX_PATH=${CMAKE_PREFIX_PATH}:/opt/ros/humble /usr/bin/cmake --build /home/ymz/Codes/ros2_learning/chapt2/chapt2_ws/build/example_cpp -- -j2 -l2
[0.055s] -- Found ament_cmake: 1.3.10 (/opt/ros/humble/share/ament_cmake/cmake)
[0.156s] -- Found rclcpp: 16.0.10 (/opt/ros/humble/share/rclcpp/cmake)
[0.172s] -- Found rosidl_generator_c: 3.1.5 (/opt/ros/humble/share/rosidl_generator_c/cmake)
[0.173s] -- Found rosidl_adapter: 3.1.5 (/opt/ros/humble/share/rosidl_adapter/cmake)
[0.176s] -- Found rosidl_generator_cpp: 3.1.5 (/opt/ros/humble/share/rosidl_generator_cpp/cmake)
[0.180s] -- Using all available rosidl_typesupport_c: rosidl_typesupport_fastrtps_c;rosidl_typesupport_introspection_c
[0.186s] -- Using all available rosidl_typesupport_cpp: rosidl_typesupport_fastrtps_cpp;rosidl_typesupport_introspection_cpp
[0.207s] -- Found rmw_implementation_cmake: 6.1.2 (/opt/ros/humble/share/rmw_implementation_cmake/cmake)
[0.208s] -- Found rmw_fastrtps_cpp: 6.2.7 (/opt/ros/humble/share/rmw_fastrtps_cpp/cmake)
[0.267s] -- Using RMW implementation 'rmw_fastrtps_cpp' as default
[0.293s] -- Found ament_lint_auto: 0.12.11 (/opt/ros/humble/share/ament_lint_auto/cmake)
[0.347s] -- Added test 'cppcheck' to perform static code analysis on C / C++ code
[0.347s] -- Configured cppcheck include dirs: 
[0.347s] -- Configured cppcheck exclude dirs and/or files: 
[0.348s] -- Added test 'lint_cmake' to check CMake code style
[0.348s] -- Added test 'uncrustify' to check C / C++ code style
[0.348s] -- Configured uncrustify additional arguments: 
[0.349s] -- Added test 'xmllint' to check XML markup files
[0.349s] -- Configuring done
[0.360s] -- Generating done
[0.364s] -- Build files have been written to: /home/ymz/Codes/ros2_learning/chapt2/chapt2_ws/build/example_cpp
[0.379s] [35m[1mConsolidate compiler generated dependencies of target node_01[0m
[0.386s] [ 25%] [32mBuilding CXX object CMakeFiles/node_03.dir/src/node_03.cpp.o[0m
[0.389s] [ 75%] Built target node_01
[2.257s] [01m[K/home/ymz/Codes/ros2_learning/chapt2/chapt2_ws/src/example_cpp/src/node_03.cpp:12:2:[m[K [01;31m[Kerror: [m[Kexpected â€˜[01m[K;[m[Kâ€™ after class definition
[2.257s]    12 | }
[2.257s]       |  [01;31m[K^[m[K
[2.257s]       |  [32m[K;[m[K
[2.590s] gmake[2]: *** [CMakeFiles/node_03.dir/build.make:76: CMakeFiles/node_03.dir/src/node_03.cpp.o] Error 1
[2.590s] gmake[1]: *** [CMakeFiles/Makefile2:165: CMakeFiles/node_03.dir/all] Error 2
[2.591s] gmake: *** [Makefile:146: all] Error 2
[2.597s] Invoked command in '/home/ymz/Codes/ros2_learning/chapt2/chapt2_ws/build/example_cpp' returned '2': CMAKE_PREFIX_PATH=${CMAKE_PREFIX_PATH}:/opt/ros/humble /usr/bin/cmake --build /home/ymz/Codes/ros2_learning/chapt2/chapt2_ws/build/example_cpp -- -j2 -l2
