[0.007s] Invoking command in '/home/ymz/Codes/ros2_learning/chapt3/chapt3_ws/build/example_topic_rclcpp': CMAKE_PREFIX_PATH=${CMAKE_PREFIX_PATH}:/opt/ros/humble /usr/bin/cmake --build /home/ymz/Codes/ros2_learning/chapt3/chapt3_ws/build/example_topic_rclcpp -- -j2 -l2
[0.045s] [35m[1mConsolidate compiler generated dependencies of target topic_publisher_01[0m
[0.055s] [ 50%] [32mBuilding CXX object CMakeFiles/topic_publisher_01.dir/src/topic_publisher_01.cpp.o[0m
[0.252s] [01m[K/home/ymz/Codes/ros2_learning/chapt3/chapt3_ws/src/example_topic_rclcpp/src/topic_publisher_01.cpp:2:2:[m[K [01;31m[Kerror: [m[Kinvalid preprocessing directive #inclued; did you mean #include?
[0.252s]     2 | #[01;31m[Kinclued[m[K "std_msgs/msg/string.hpp"
[0.252s]       |  [01;31m[K^~~~~~~[m[K
[0.252s]       |  [32m[Kinclude[m[K
[1.460s] [01m[K/home/ymz/Codes/ros2_learning/chapt3/chapt3_ws/src/example_topic_rclcpp/src/topic_publisher_01.cpp:22:23:[m[K [01;31m[Kerror: [m[Kâ€˜[01m[Kstd_msgs[m[Kâ€™ was not declared in this scope
[1.460s]    22 |     rclcpp::Publisher<[01;31m[Kstd_msgs[m[K::msg::String>::SharedPtr command_publisher_;
[1.460s]       |                       [01;31m[K^~~~~~~~[m[K
[1.460s] [01m[K/home/ymz/Codes/ros2_learning/chapt3/chapt3_ws/src/example_topic_rclcpp/src/topic_publisher_01.cpp:22:44:[m[K [01;31m[Kerror: [m[Ktemplate argument 1 is invalid
[1.460s]    22 |     rclcpp::Publisher<std_msgs::msg::String[01;31m[K>[m[K::SharedPtr command_publisher_;
[1.460s]       |                                            [01;31m[K^[m[K
[1.460s] [01m[K/home/ymz/Codes/ros2_learning/chapt3/chapt3_ws/src/example_topic_rclcpp/src/topic_publisher_01.cpp:22:47:[m[K [01;31m[Kerror: [m[Kexpected â€˜[01m[K;[m[Kâ€™ at end of member declaration
[1.460s]    22 |     rclcpp::Publisher<std_msgs::msg::String>::[01;31m[KSharedPtr[m[K command_publisher_;
[1.460s]       |                                               [01;31m[K^~~~~~~~~[m[K
[1.461s]       |                                                        [32m[K;[m[K
[1.462s] [01m[K/home/ymz/Codes/ros2_learning/chapt3/chapt3_ws/src/example_topic_rclcpp/src/topic_publisher_01.cpp:22:57:[m[K [01;31m[Kerror: [m[Kâ€˜[01m[Kcommand_publisher_[m[Kâ€™ does not name a type
[1.462s]    22 |     rclcpp::Publisher<std_msgs::msg::String>::SharedPtr [01;31m[Kcommand_publisher_[m[K;
[1.462s]       |                                                         [01;31m[K^~~~~~~~~~~~~~~~~~[m[K
[1.467s] [01m[K/home/ymz/Codes/ros2_learning/chapt3/chapt3_ws/src/example_topic_rclcpp/src/topic_publisher_01.cpp:[m[K In constructor â€˜[01m[KTopicPublisher01::TopicPublisher01(std::string)[m[Kâ€™:
[1.467s] [01m[K/home/ymz/Codes/ros2_learning/chapt3/chapt3_ws/src/example_topic_rclcpp/src/topic_publisher_01.cpp:10:9:[m[K [01;31m[Kerror: [m[Kâ€˜[01m[Kcommand_publisher_[m[Kâ€™ was not declared in this scope; did you mean â€˜[01m[Kcount_publishers[m[Kâ€™?
[1.467s]    10 |         [01;31m[Kcommand_publisher_[m[K = this->create_publisher<std_msgs::msg::String>("command", 10);
[1.467s]       |         [01;31m[K^~~~~~~~~~~~~~~~~~[m[K
[1.467s]       |         [32m[Kcount_publishers[m[K
[1.470s] [01m[K/home/ymz/Codes/ros2_learning/chapt3/chapt3_ws/src/example_topic_rclcpp/src/topic_publisher_01.cpp:10:53:[m[K [01;31m[Kerror: [m[Kâ€˜[01m[Kstd_msgs[m[Kâ€™ was not declared in this scope
[1.470s]    10 |         command_publisher_ = this->create_publisher<[01;31m[Kstd_msgs[m[K::msg::String>("command", 10);
[1.471s]       |                                                     [01;31m[K^~~~~~~~[m[K
[1.471s] [01m[K/home/ymz/Codes/ros2_learning/chapt3/chapt3_ws/src/example_topic_rclcpp/src/topic_publisher_01.cpp:10:36:[m[K [01;31m[Kerror: [m[Kparse error in template argument list
[1.471s]    10 |         command_publisher_ = this->[01;31m[Kcreate_publisher<std_msgs::msg::String>[m[K("command", 10);
[1.471s]       |                                    [01;31m[K^~~~~~~~~~~~~~~~~~~~~~~~~~~~~~~~~~~~~~~[m[K
[1.471s] [01m[K/home/ymz/Codes/ros2_learning/chapt3/chapt3_ws/src/example_topic_rclcpp/src/topic_publisher_01.cpp:10:75:[m[K [01;31m[Kerror: [m[Kno matching function for call to â€˜[01m[KTopicPublisher01::create_publisher<<expression error> >(const char [8], int)[m[Kâ€™
[1.471s]    10 | d_publisher_ = [01;31m[Kthis->create_publisher<std_msgs::msg::String>("command", 10)[m[K;
[1.471s]       |                [01;31m[K~~~~~~~~~~~~~~~~~~~~~~~~~~~~~~~~~~~~~~~~~~~~~^~~~~~~~~~~~~~~[m[K
[1.471s] 
[1.471s] In file included from [01m[K/opt/ros/humble/include/rclcpp/rclcpp/executors/single_threaded_executor.hpp:28[m[K,
[1.471s]                  from [01m[K/opt/ros/humble/include/rclcpp/rclcpp/executors.hpp:22[m[K,
[1.471s]                  from [01m[K/opt/ros/humble/include/rclcpp/rclcpp/rclcpp.hpp:155[m[K,
[1.471s]                  from [01m[K/home/ymz/Codes/ros2_learning/chapt3/chapt3_ws/src/example_topic_rclcpp/src/topic_publisher_01.cpp:1[m[K:
[1.471s] [01m[K/opt/ros/humble/include/rclcpp/rclcpp/node.hpp:195:3:[m[K [01;36m[Knote: [m[Kcandidate: â€˜[01m[Ktemplate<class MessageT, class AllocatorT, class PublisherT> std::shared_ptr<PublisherT> rclcpp::Node::create_publisher(const string&, const rclcpp::QoS&, const rclcpp::PublisherOptionsWithAllocator<AllocatorT>&)[m[Kâ€™
[1.471s]   195 |   [01;36m[Kcreate_publisher[m[K(
[1.471s]       |   [01;36m[K^~~~~~~~~~~~~~~~[m[K
[1.471s] [01m[K/opt/ros/humble/include/rclcpp/rclcpp/node.hpp:195:3:[m[K [01;36m[Knote: [m[K  template argument deduction/substitution failed:
[1.471s] [01m[K/home/ymz/Codes/ros2_learning/chapt3/chapt3_ws/src/example_topic_rclcpp/src/topic_publisher_01.cpp:10:75:[m[K [01;31m[Kerror: [m[Ktemplate argument 1 is invalid
[1.471s]    10 | d_publisher_ = [01;31m[Kthis->create_publisher<std_msgs::msg::String>("command", 10)[m[K;
[1.471s]       |                [01;31m[K~~~~~~~~~~~~~~~~~~~~~~~~~~~~~~~~~~~~~~~~~~~~~^~~~~~~~~~~~~~~[m[K
[1.471s] 
[1.475s] [01m[K/home/ymz/Codes/ros2_learning/chapt3/chapt3_ws/src/example_topic_rclcpp/src/topic_publisher_01.cpp:[m[K In member function â€˜[01m[Kvoid TopicPublisher01::timer_callback()[m[Kâ€™:
[1.475s] [01m[K/home/ymz/Codes/ros2_learning/chapt3/chapt3_ws/src/example_topic_rclcpp/src/topic_publisher_01.cpp:16:9:[m[K [01;31m[Kerror: [m[Kâ€˜[01m[Kstd_msgs[m[Kâ€™ has not been declared
[1.475s]    16 |         [01;31m[Kstd_msgs[m[K::msg::String message;
[1.475s]       |         [01;31m[K^~~~~~~~[m[K
[1.479s] [01m[K/home/ymz/Codes/ros2_learning/chapt3/chapt3_ws/src/example_topic_rclcpp/src/topic_publisher_01.cpp:17:9:[m[K [01;31m[Kerror: [m[Kâ€˜[01m[Kmessage[m[Kâ€™ was not declared in this scope
[1.479s]    17 |         [01;31m[Kmessage[m[K.data = "forward";
[1.479s]       |         [01;31m[K^~~~~~~[m[K
[1.485s] [01m[K/home/ymz/Codes/ros2_learning/chapt3/chapt3_ws/src/example_topic_rclcpp/src/topic_publisher_01.cpp:19:9:[m[K [01;31m[Kerror: [m[Kâ€˜[01m[Kcommand_publisher_[m[Kâ€™ was not declared in this scope; did you mean â€˜[01m[Kcount_publishers[m[Kâ€™?
[1.485s]    19 |         [01;31m[Kcommand_publisher_[m[K->publish(message);
[1.485s]       |         [01;31m[K^~~~~~~~~~~~~~~~~~[m[K
[1.485s]       |         [32m[Kcount_publishers[m[K
[1.728s] gmake[2]: *** [CMakeFiles/topic_publisher_01.dir/build.make:76: CMakeFiles/topic_publisher_01.dir/src/topic_publisher_01.cpp.o] Error 1
[1.728s] gmake[1]: *** [CMakeFiles/Makefile2:137: CMakeFiles/topic_publisher_01.dir/all] Error 2
[1.729s] gmake: *** [Makefile:146: all] Error 2
[1.733s] Invoked command in '/home/ymz/Codes/ros2_learning/chapt3/chapt3_ws/build/example_topic_rclcpp' returned '2': CMAKE_PREFIX_PATH=${CMAKE_PREFIX_PATH}:/opt/ros/humble /usr/bin/cmake --build /home/ymz/Codes/ros2_learning/chapt3/chapt3_ws/build/example_topic_rclcpp -- -j2 -l2
