-- Found ament_cmake: 1.3.10 (/opt/ros/humble/share/ament_cmake/cmake)
-- Found rclcpp: 16.0.10 (/opt/ros/humble/share/rclcpp/cmake)
-- Found rosidl_generator_c: 3.1.5 (/opt/ros/humble/share/rosidl_generator_c/cmake)
-- Found rosidl_adapter: 3.1.5 (/opt/ros/humble/share/rosidl_adapter/cmake)
-- Found rosidl_generator_cpp: 3.1.5 (/opt/ros/humble/share/rosidl_generator_cpp/cmake)
-- Using all available rosidl_typesupport_c: rosidl_typesupport_fastrtps_c;rosidl_typesupport_introspection_c
-- Using all available rosidl_typesupport_cpp: rosidl_typesupport_fastrtps_cpp;rosidl_typesupport_introspection_cpp
-- Found rmw_implementation_cmake: 6.1.2 (/opt/ros/humble/share/rmw_implementation_cmake/cmake)
-- Found rmw_fastrtps_cpp: 6.2.7 (/opt/ros/humble/share/rmw_fastrtps_cpp/cmake)
-- Using RMW implementation 'rmw_fastrtps_cpp' as default
-- Found ament_lint_auto: 0.12.11 (/opt/ros/humble/share/ament_lint_auto/cmake)
-- Added test 'cppcheck' to perform static code analysis on C / C++ code
-- Configured cppcheck include dirs: 
-- Configured cppcheck exclude dirs and/or files: 
-- Added test 'lint_cmake' to check CMake code style
-- Added test 'uncrustify' to check C / C++ code style
-- Configured uncrustify additional arguments: 
-- Added test 'xmllint' to check XML markup files
-- Configuring done
-- Generating done
-- Build files have been written to: /home/ymz/Codes/ros2_learning/chapt3/chapt3_ws/build/example_topic_rclcpp
[35m[1mConsolidate compiler generated dependencies of target topic_publisher_01[0m
[ 50%] [32mBuilding CXX object CMakeFiles/topic_publisher_01.dir/src/topic_publisher_01.cpp.o[0m
[01m[K/home/ymz/Codes/ros2_learning/chapt3/chapt3_ws/src/example_topic_rclcpp/src/topic_publisher_01.cpp:2:2:[m[K [01;31m[Kerror: [m[Kinvalid preprocessing directive #inclued; did you mean #include?
    2 | #[01;31m[Kinclued[m[K "std_msgs/msg/string.hpp"
      |  [01;31m[K^~~~~~~[m[K
      |  [32m[Kinclude[m[K
[01m[K/home/ymz/Codes/ros2_learning/chapt3/chapt3_ws/src/example_topic_rclcpp/src/topic_publisher_01.cpp:22:23:[m[K [01;31m[Kerror: [m[Kâ€˜[01m[Kstd_msgs[m[Kâ€™ was not declared in this scope
   22 |     rclcpp::Publisher<[01;31m[Kstd_msgs[m[K::msg::String>::SharedPtr command_publisher_;
      |                       [01;31m[K^~~~~~~~[m[K
[01m[K/home/ymz/Codes/ros2_learning/chapt3/chapt3_ws/src/example_topic_rclcpp/src/topic_publisher_01.cpp:22:44:[m[K [01;31m[Kerror: [m[Ktemplate argument 1 is invalid
   22 |     rclcpp::Publisher<std_msgs::msg::String[01;31m[K>[m[K::SharedPtr command_publisher_;
      |                                            [01;31m[K^[m[K
[01m[K/home/ymz/Codes/ros2_learning/chapt3/chapt3_ws/src/example_topic_rclcpp/src/topic_publisher_01.cpp:22:47:[m[K [01;31m[Kerror: [m[Kexpected â€˜[01m[K;[m[Kâ€™ at end of member declaration
   22 |     rclcpp::Publisher<std_msgs::msg::String>::[01;31m[KSharedPtr[m[K command_publisher_;
      |                                               [01;31m[K^~~~~~~~~[m[K
      |                                                        [32m[K;[m[K
[01m[K/home/ymz/Codes/ros2_learning/chapt3/chapt3_ws/src/example_topic_rclcpp/src/topic_publisher_01.cpp:22:57:[m[K [01;31m[Kerror: [m[Kâ€˜[01m[Kcommand_publisher_[m[Kâ€™ does not name a type
   22 |     rclcpp::Publisher<std_msgs::msg::String>::SharedPtr [01;31m[Kcommand_publisher_[m[K;
      |                                                         [01;31m[K^~~~~~~~~~~~~~~~~~[m[K
[01m[K/home/ymz/Codes/ros2_learning/chapt3/chapt3_ws/src/example_topic_rclcpp/src/topic_publisher_01.cpp:[m[K In constructor â€˜[01m[KTopicPublisher01::TopicPublisher01(std::string)[m[Kâ€™:
[01m[K/home/ymz/Codes/ros2_learning/chapt3/chapt3_ws/src/example_topic_rclcpp/src/topic_publisher_01.cpp:10:9:[m[K [01;31m[Kerror: [m[Kâ€˜[01m[Kcommand_publisher_[m[Kâ€™ was not declared in this scope; did you mean â€˜[01m[Kcount_publishers[m[Kâ€™?
   10 |         [01;31m[Kcommand_publisher_[m[K = this->create_publisher<std_msgs::msg::String>("command", 10);
      |         [01;31m[K^~~~~~~~~~~~~~~~~~[m[K
      |         [32m[Kcount_publishers[m[K
[01m[K/home/ymz/Codes/ros2_learning/chapt3/chapt3_ws/src/example_topic_rclcpp/src/topic_publisher_01.cpp:10:53:[m[K [01;31m[Kerror: [m[Kâ€˜[01m[Kstd_msgs[m[Kâ€™ was not declared in this scope
   10 |         command_publisher_ = this->create_publisher<[01;31m[Kstd_msgs[m[K::msg::String>("command", 10);
      |                                                     [01;31m[K^~~~~~~~[m[K
[01m[K/home/ymz/Codes/ros2_learning/chapt3/chapt3_ws/src/example_topic_rclcpp/src/topic_publisher_01.cpp:10:36:[m[K [01;31m[Kerror: [m[Kparse error in template argument list
   10 |         command_publisher_ = this->[01;31m[Kcreate_publisher<std_msgs::msg::String>[m[K("command", 10);
      |                                    [01;31m[K^~~~~~~~~~~~~~~~~~~~~~~~~~~~~~~~~~~~~~~[m[K
[01m[K/home/ymz/Codes/ros2_learning/chapt3/chapt3_ws/src/example_topic_rclcpp/src/topic_publisher_01.cpp:10:75:[m[K [01;31m[Kerror: [m[Kno matching function for call to â€˜[01m[KTopicPublisher01::create_publisher<<expression error> >(const char [8], int)[m[Kâ€™
   10 | d_publisher_ = [01;31m[Kthis->create_publisher<std_msgs::msg::String>("command", 10)[m[K;
      |                [01;31m[K~~~~~~~~~~~~~~~~~~~~~~~~~~~~~~~~~~~~~~~~~~~~~^~~~~~~~~~~~~~~[m[K

In file included from [01m[K/opt/ros/humble/include/rclcpp/rclcpp/executors/single_threaded_executor.hpp:28[m[K,
                 from [01m[K/opt/ros/humble/include/rclcpp/rclcpp/executors.hpp:22[m[K,
                 from [01m[K/opt/ros/humble/include/rclcpp/rclcpp/rclcpp.hpp:155[m[K,
                 from [01m[K/home/ymz/Codes/ros2_learning/chapt3/chapt3_ws/src/example_topic_rclcpp/src/topic_publisher_01.cpp:1[m[K:
[01m[K/opt/ros/humble/include/rclcpp/rclcpp/node.hpp:195:3:[m[K [01;36m[Knote: [m[Kcandidate: â€˜[01m[Ktemplate<class MessageT, class AllocatorT, class PublisherT> std::shared_ptr<PublisherT> rclcpp::Node::create_publisher(const string&, const rclcpp::QoS&, const rclcpp::PublisherOptionsWithAllocator<AllocatorT>&)[m[Kâ€™
  195 |   [01;36m[Kcreate_publisher[m[K(
      |   [01;36m[K^~~~~~~~~~~~~~~~[m[K
[01m[K/opt/ros/humble/include/rclcpp/rclcpp/node.hpp:195:3:[m[K [01;36m[Knote: [m[K  template argument deduction/substitution failed:
[01m[K/home/ymz/Codes/ros2_learning/chapt3/chapt3_ws/src/example_topic_rclcpp/src/topic_publisher_01.cpp:10:75:[m[K [01;31m[Kerror: [m[Ktemplate argument 1 is invalid
   10 | d_publisher_ = [01;31m[Kthis->create_publisher<std_msgs::msg::String>("command", 10)[m[K;
      |                [01;31m[K~~~~~~~~~~~~~~~~~~~~~~~~~~~~~~~~~~~~~~~~~~~~~^~~~~~~~~~~~~~~[m[K

[01m[K/home/ymz/Codes/ros2_learning/chapt3/chapt3_ws/src/example_topic_rclcpp/src/topic_publisher_01.cpp:[m[K In member function â€˜[01m[Kvoid TopicPublisher01::timer_callback()[m[Kâ€™:
[01m[K/home/ymz/Codes/ros2_learning/chapt3/chapt3_ws/src/example_topic_rclcpp/src/topic_publisher_01.cpp:16:9:[m[K [01;31m[Kerror: [m[Kâ€˜[01m[Ksstd_msgs[m[Kâ€™ has not been declared
   16 |         [01;31m[Ksstd_msgs[m[K::msg::String message;
      |         [01;31m[K^~~~~~~~~[m[K
[01m[K/home/ymz/Codes/ros2_learning/chapt3/chapt3_ws/src/example_topic_rclcpp/src/topic_publisher_01.cpp:17:9:[m[K [01;31m[Kerror: [m[Kâ€˜[01m[Kmessage[m[Kâ€™ was not declared in this scope
   17 |         [01;31m[Kmessage[m[K.data = "forward";
      |         [01;31m[K^~~~~~~[m[K
[01m[K/home/ymz/Codes/ros2_learning/chapt3/chapt3_ws/src/example_topic_rclcpp/src/topic_publisher_01.cpp:19:9:[m[K [01;31m[Kerror: [m[Kâ€˜[01m[Kcommand_publisher_[m[Kâ€™ was not declared in this scope; did you mean â€˜[01m[Kcount_publishers[m[Kâ€™?
   19 |         [01;31m[Kcommand_publisher_[m[K->publish(message);
      |         [01;31m[K^~~~~~~~~~~~~~~~~~[m[K
      |         [32m[Kcount_publishers[m[K
gmake[2]: *** [CMakeFiles/topic_publisher_01.dir/build.make:76: CMakeFiles/topic_publisher_01.dir/src/topic_publisher_01.cpp.o] Error 1
gmake[1]: *** [CMakeFiles/Makefile2:137: CMakeFiles/topic_publisher_01.dir/all] Error 2
gmake: *** [Makefile:146: all] Error 2
