[0.019s] Invoking command in '/home/ymz/Codes/ros2_learning/chapt3/chapt3_ws/build/example_topic_rclcpp': CMAKE_PREFIX_PATH=${CMAKE_PREFIX_PATH}:/opt/ros/humble /usr/bin/cmake --build /home/ymz/Codes/ros2_learning/chapt3/chapt3_ws/build/example_topic_rclcpp -- -j2 -l2
[0.053s] -- Found ament_cmake: 1.3.10 (/opt/ros/humble/share/ament_cmake/cmake)
[0.143s] -- Found rclcpp: 16.0.10 (/opt/ros/humble/share/rclcpp/cmake)
[0.160s] -- Found rosidl_generator_c: 3.1.5 (/opt/ros/humble/share/rosidl_generator_c/cmake)
[0.161s] -- Found rosidl_adapter: 3.1.5 (/opt/ros/humble/share/rosidl_adapter/cmake)
[0.164s] -- Found rosidl_generator_cpp: 3.1.5 (/opt/ros/humble/share/rosidl_generator_cpp/cmake)
[0.169s] -- Using all available rosidl_typesupport_c: rosidl_typesupport_fastrtps_c;rosidl_typesupport_introspection_c
[0.175s] -- Using all available rosidl_typesupport_cpp: rosidl_typesupport_fastrtps_cpp;rosidl_typesupport_introspection_cpp
[0.194s] -- Found rmw_implementation_cmake: 6.1.2 (/opt/ros/humble/share/rmw_implementation_cmake/cmake)
[0.195s] -- Found rmw_fastrtps_cpp: 6.2.7 (/opt/ros/humble/share/rmw_fastrtps_cpp/cmake)
[0.259s] -- Using RMW implementation 'rmw_fastrtps_cpp' as default
[0.289s] -- Found ament_lint_auto: 0.12.11 (/opt/ros/humble/share/ament_lint_auto/cmake)
[0.334s] -- Added test 'cppcheck' to perform static code analysis on C / C++ code
[0.334s] -- Configured cppcheck include dirs: 
[0.334s] -- Configured cppcheck exclude dirs and/or files: 
[0.335s] -- Added test 'lint_cmake' to check CMake code style
[0.336s] -- Added test 'uncrustify' to check C / C++ code style
[0.336s] -- Configured uncrustify additional arguments: 
[0.336s] -- Added test 'xmllint' to check XML markup files
[0.338s] -- Configuring done
[0.352s] -- Generating done
[0.356s] -- Build files have been written to: /home/ymz/Codes/ros2_learning/chapt3/chapt3_ws/build/example_topic_rclcpp
[0.369s] [35m[1mConsolidate compiler generated dependencies of target topic_publisher_01[0m
[0.384s] [ 50%] [32mBuilding CXX object CMakeFiles/topic_publisher_01.dir/src/topic_publisher_01.cpp.o[0m
[0.675s] [01m[K/home/ymz/Codes/ros2_learning/chapt3/chapt3_ws/src/example_topic_rclcpp/src/topic_publisher_01.cpp:2:2:[m[K [01;31m[Kerror: [m[Kinvalid preprocessing directive #inclued; did you mean #include?
[0.675s]     2 | #[01;31m[Kinclued[m[K "std_msgs/msg/string.hpp"
[0.675s]       |  [01;31m[K^~~~~~~[m[K
[0.675s]       |  [32m[Kinclude[m[K
[2.141s] [01m[K/home/ymz/Codes/ros2_learning/chapt3/chapt3_ws/src/example_topic_rclcpp/src/topic_publisher_01.cpp:22:23:[m[K [01;31m[Kerror: [m[Kâ€˜[01m[Kstd_msgs[m[Kâ€™ was not declared in this scope
[2.142s]    22 |     rclcpp::Publisher<[01;31m[Kstd_msgs[m[K::msg::String>::SharedPtr command_publisher_;
[2.142s]       |                       [01;31m[K^~~~~~~~[m[K
[2.142s] [01m[K/home/ymz/Codes/ros2_learning/chapt3/chapt3_ws/src/example_topic_rclcpp/src/topic_publisher_01.cpp:22:44:[m[K [01;31m[Kerror: [m[Ktemplate argument 1 is invalid
[2.142s]    22 |     rclcpp::Publisher<std_msgs::msg::String[01;31m[K>[m[K::SharedPtr command_publisher_;
[2.142s]       |                                            [01;31m[K^[m[K
[2.142s] [01m[K/home/ymz/Codes/ros2_learning/chapt3/chapt3_ws/src/example_topic_rclcpp/src/topic_publisher_01.cpp:22:47:[m[K [01;31m[Kerror: [m[Kexpected â€˜[01m[K;[m[Kâ€™ at end of member declaration
[2.142s]    22 |     rclcpp::Publisher<std_msgs::msg::String>::[01;31m[KSharedPtr[m[K command_publisher_;
[2.142s]       |                                               [01;31m[K^~~~~~~~~[m[K
[2.142s]       |                                                        [32m[K;[m[K
[2.146s] [01m[K/home/ymz/Codes/ros2_learning/chapt3/chapt3_ws/src/example_topic_rclcpp/src/topic_publisher_01.cpp:22:57:[m[K [01;31m[Kerror: [m[Kâ€˜[01m[Kcommand_publisher_[m[Kâ€™ does not name a type
[2.146s]    22 |     rclcpp::Publisher<std_msgs::msg::String>::SharedPtr [01;31m[Kcommand_publisher_[m[K;
[2.147s]       |                                                         [01;31m[K^~~~~~~~~~~~~~~~~~[m[K
[2.153s] [01m[K/home/ymz/Codes/ros2_learning/chapt3/chapt3_ws/src/example_topic_rclcpp/src/topic_publisher_01.cpp:[m[K In constructor â€˜[01m[KTopicPublisher01::TopicPublisher01(std::string)[m[Kâ€™:
[2.153s] [01m[K/home/ymz/Codes/ros2_learning/chapt3/chapt3_ws/src/example_topic_rclcpp/src/topic_publisher_01.cpp:10:9:[m[K [01;31m[Kerror: [m[Kâ€˜[01m[Kcommand_publisher_[m[Kâ€™ was not declared in this scope; did you mean â€˜[01m[Kcount_publishers[m[Kâ€™?
[2.153s]    10 |         [01;31m[Kcommand_publisher_[m[K = this->create_publisher<std_msgs::msg::String>("command", 10);
[2.153s]       |         [01;31m[K^~~~~~~~~~~~~~~~~~[m[K
[2.153s]       |         [32m[Kcount_publishers[m[K
[2.157s] [01m[K/home/ymz/Codes/ros2_learning/chapt3/chapt3_ws/src/example_topic_rclcpp/src/topic_publisher_01.cpp:10:53:[m[K [01;31m[Kerror: [m[Kâ€˜[01m[Kstd_msgs[m[Kâ€™ was not declared in this scope
[2.157s]    10 |         command_publisher_ = this->create_publisher<[01;31m[Kstd_msgs[m[K::msg::String>("command", 10);
[2.157s]       |                                                     [01;31m[K^~~~~~~~[m[K
[2.157s] [01m[K/home/ymz/Codes/ros2_learning/chapt3/chapt3_ws/src/example_topic_rclcpp/src/topic_publisher_01.cpp:10:36:[m[K [01;31m[Kerror: [m[Kparse error in template argument list
[2.157s]    10 |         command_publisher_ = this->[01;31m[Kcreate_publisher<std_msgs::msg::String>[m[K("command", 10);
[2.157s]       |                                    [01;31m[K^~~~~~~~~~~~~~~~~~~~~~~~~~~~~~~~~~~~~~~[m[K
[2.158s] [01m[K/home/ymz/Codes/ros2_learning/chapt3/chapt3_ws/src/example_topic_rclcpp/src/topic_publisher_01.cpp:10:75:[m[K [01;31m[Kerror: [m[Kno matching function for call to â€˜[01m[KTopicPublisher01::create_publisher<<expression error> >(const char [8], int)[m[Kâ€™
[2.158s]    10 | d_publisher_ = [01;31m[Kthis->create_publisher<std_msgs::msg::String>("command", 10)[m[K;
[2.158s]       |                [01;31m[K~~~~~~~~~~~~~~~~~~~~~~~~~~~~~~~~~~~~~~~~~~~~~^~~~~~~~~~~~~~~[m[K
[2.158s] 
[2.159s] In file included from [01m[K/opt/ros/humble/include/rclcpp/rclcpp/executors/single_threaded_executor.hpp:28[m[K,
[2.159s]                  from [01m[K/opt/ros/humble/include/rclcpp/rclcpp/executors.hpp:22[m[K,
[2.159s]                  from [01m[K/opt/ros/humble/include/rclcpp/rclcpp/rclcpp.hpp:155[m[K,
[2.159s]                  from [01m[K/home/ymz/Codes/ros2_learning/chapt3/chapt3_ws/src/example_topic_rclcpp/src/topic_publisher_01.cpp:1[m[K:
[2.159s] [01m[K/opt/ros/humble/include/rclcpp/rclcpp/node.hpp:195:3:[m[K [01;36m[Knote: [m[Kcandidate: â€˜[01m[Ktemplate<class MessageT, class AllocatorT, class PublisherT> std::shared_ptr<PublisherT> rclcpp::Node::create_publisher(const string&, const rclcpp::QoS&, const rclcpp::PublisherOptionsWithAllocator<AllocatorT>&)[m[Kâ€™
[2.159s]   195 |   [01;36m[Kcreate_publisher[m[K(
[2.159s]       |   [01;36m[K^~~~~~~~~~~~~~~~[m[K
[2.159s] [01m[K/opt/ros/humble/include/rclcpp/rclcpp/node.hpp:195:3:[m[K [01;36m[Knote: [m[K  template argument deduction/substitution failed:
[2.159s] [01m[K/home/ymz/Codes/ros2_learning/chapt3/chapt3_ws/src/example_topic_rclcpp/src/topic_publisher_01.cpp:10:75:[m[K [01;31m[Kerror: [m[Ktemplate argument 1 is invalid
[2.159s]    10 | d_publisher_ = [01;31m[Kthis->create_publisher<std_msgs::msg::String>("command", 10)[m[K;
[2.159s]       |                [01;31m[K~~~~~~~~~~~~~~~~~~~~~~~~~~~~~~~~~~~~~~~~~~~~~^~~~~~~~~~~~~~~[m[K
[2.159s] 
[2.166s] [01m[K/home/ymz/Codes/ros2_learning/chapt3/chapt3_ws/src/example_topic_rclcpp/src/topic_publisher_01.cpp:[m[K In member function â€˜[01m[Kvoid TopicPublisher01::timer_callback()[m[Kâ€™:
[2.166s] [01m[K/home/ymz/Codes/ros2_learning/chapt3/chapt3_ws/src/example_topic_rclcpp/src/topic_publisher_01.cpp:16:9:[m[K [01;31m[Kerror: [m[Kâ€˜[01m[Ksstd_msgs[m[Kâ€™ has not been declared
[2.166s]    16 |         [01;31m[Ksstd_msgs[m[K::msg::String message;
[2.166s]       |         [01;31m[K^~~~~~~~~[m[K
[2.170s] [01m[K/home/ymz/Codes/ros2_learning/chapt3/chapt3_ws/src/example_topic_rclcpp/src/topic_publisher_01.cpp:17:9:[m[K [01;31m[Kerror: [m[Kâ€˜[01m[Kmessage[m[Kâ€™ was not declared in this scope
[2.170s]    17 |         [01;31m[Kmessage[m[K.data = "forward";
[2.170s]       |         [01;31m[K^~~~~~~[m[K
[2.175s] [01m[K/home/ymz/Codes/ros2_learning/chapt3/chapt3_ws/src/example_topic_rclcpp/src/topic_publisher_01.cpp:19:9:[m[K [01;31m[Kerror: [m[Kâ€˜[01m[Kcommand_publisher_[m[Kâ€™ was not declared in this scope; did you mean â€˜[01m[Kcount_publishers[m[Kâ€™?
[2.175s]    19 |         [01;31m[Kcommand_publisher_[m[K->publish(message);
[2.175s]       |         [01;31m[K^~~~~~~~~~~~~~~~~~[m[K
[2.175s]       |         [32m[Kcount_publishers[m[K
[2.486s] gmake[2]: *** [CMakeFiles/topic_publisher_01.dir/build.make:76: CMakeFiles/topic_publisher_01.dir/src/topic_publisher_01.cpp.o] Error 1
[2.486s] gmake[1]: *** [CMakeFiles/Makefile2:137: CMakeFiles/topic_publisher_01.dir/all] Error 2
[2.487s] gmake: *** [Makefile:146: all] Error 2
[2.493s] Invoked command in '/home/ymz/Codes/ros2_learning/chapt3/chapt3_ws/build/example_topic_rclcpp' returned '2': CMAKE_PREFIX_PATH=${CMAKE_PREFIX_PATH}:/opt/ros/humble /usr/bin/cmake --build /home/ymz/Codes/ros2_learning/chapt3/chapt3_ws/build/example_topic_rclcpp -- -j2 -l2
