[01m[K/home/ymz/Codes/ros2_learning/chapt3/chapt3_ws/src/example_topic_rclcpp/src/topic_subscriber_01.cpp:22:68:[m[K [01;35m[Kwarning: [m[Kmissing terminating " character
   22 |         RCLCPP_INFO(this->get_logger(), ""æ”¶åˆ°[%s]æŒ‡ä»¤ï¼Œå‘é€é€Ÿåº¦ %f[01;35m[K"[m[K, msg->data.c_str(),speed);
      |                                                                    [01;35m[K^[m[K
[01m[K/home/ymz/Codes/ros2_learning/chapt3/chapt3_ws/src/example_topic_rclcpp/src/topic_subscriber_01.cpp:33:2:[m[K [01;31m[Kerror: [m[Kunterminated argument list invoking macro "RCLCPP_INFO"
   33 | }
      |  [01;31m[K^[m[K
[01m[K/home/ymz/Codes/ros2_learning/chapt3/chapt3_ws/src/example_topic_rclcpp/src/topic_subscriber_01.cpp:14:50:[m[K [01;31m[Kerror: [m[Kâ€˜[01m[KShardPtr[m[Kâ€™ in â€˜[01m[Kclass rclcpp::Subscription<std_msgs::msg::String_<std::allocator<void> > >[m[Kâ€™ does not name a type
   14 |     rclcpp::Subscription<std_msgs::msg::String>::[01;31m[KShardPtr[m[K command_subscriber_;
      |                                                  [01;31m[K^~~~~~~~[m[K
[01m[K/home/ymz/Codes/ros2_learning/chapt3/chapt3_ws/src/example_topic_rclcpp/src/topic_subscriber_01.cpp:15:5:[m[K [01;31m[Kerror: [m[Kâ€˜[01m[Kcoid[m[Kâ€™ does not name a type; did you mean â€˜[01m[Kvoid[m[Kâ€™?
   15 |     [01;31m[Kcoid[m[K command_callback(const std_msgs::msg::String::SharedPtr msg)
      |     [01;31m[K^~~~[m[K
      |     [32m[Kvoid[m[K
[01m[K/home/ymz/Codes/ros2_learning/chapt3/chapt3_ws/src/example_topic_rclcpp/src/topic_subscriber_01.cpp:22:20:[m[K [01;31m[Kerror: [m[Kexpected â€˜[01m[K}[m[Kâ€™ at end of input
   22 |         RCLCPP_INFO[01;31m[K([m[Kthis->get_logger(), ""æ”¶åˆ°[%s]æŒ‡ä»¤ï¼Œå‘é€é€Ÿåº¦ %f", msg->data.c_str(),speed);
      |                    [01;31m[K^[m[K
[01m[K/home/ymz/Codes/ros2_learning/chapt3/chapt3_ws/src/example_topic_rclcpp/src/topic_subscriber_01.cpp:5:1:[m[K [01;36m[Knote: [m[Kto match this â€˜[01m[K{[m[Kâ€™
    5 | [01;36m[K{[m[K
      | [01;36m[K^[m[K
[01m[K/home/ymz/Codes/ros2_learning/chapt3/chapt3_ws/src/example_topic_rclcpp/src/topic_subscriber_01.cpp:[m[K In constructor â€˜[01m[KTopicSubscriber01::TopicSubscriber01(std::string)[m[Kâ€™:
[01m[K/home/ymz/Codes/ros2_learning/chapt3/chapt3_ws/src/example_topic_rclcpp/src/topic_subscriber_01.cpp:10:9:[m[K [01;31m[Kerror: [m[Kâ€˜[01m[Kcommand_subscriber_[m[Kâ€™ was not declared in this scope; did you mean â€˜[01m[Kcount_subscribers[m[Kâ€™?
   10 |         [01;31m[Kcommand_subscriber_[m[K = this->create_subscription<std_msgs::msg::String>("command",10, std::bind(&TopicSubscriber01::command_callback, this, std::placeholders::_1));
      |         [01;31m[K^~~~~~~~~~~~~~~~~~~[m[K
      |         [32m[Kcount_subscribers[m[K
[01m[K/home/ymz/Codes/ros2_learning/chapt3/chapt3_ws/src/example_topic_rclcpp/src/topic_subscriber_01.cpp:10:124:[m[K [01;31m[Kerror: [m[Kâ€˜[01m[Kcommand_callback[m[Kâ€™ is not a member of â€˜[01m[KTopicSubscriber01[m[Kâ€™
   10 |         command_subscriber_ = this->create_subscription<std_msgs::msg::String>("command",10, std::bind(&TopicSubscriber01::[01;31m[Kcommand_callback[m[K, this, std::placeholders::_1));
      |                                                                                                                            [01;31m[K^~~~~~~~~~~~~~~~[m[K
[01m[K/home/ymz/Codes/ros2_learning/chapt3/chapt3_ws/src/example_topic_rclcpp/src/topic_subscriber_01.cpp:[m[K At global scope:
[01m[K/home/ymz/Codes/ros2_learning/chapt3/chapt3_ws/src/example_topic_rclcpp/src/topic_subscriber_01.cpp:22:20:[m[K [01;31m[Kerror: [m[Kexpected unqualified-id at end of input
   22 |         RCLCPP_INFO[01;31m[K([m[Kthis->get_logger(), ""æ”¶åˆ°[%s]æŒ‡ä»¤ï¼Œå‘é€é€Ÿåº¦ %f", msg->data.c_str(),speed);
      |                    [01;31m[K^[m[K
gmake[2]: *** [CMakeFiles/topic_subscriber_01.dir/build.make:76: CMakeFiles/topic_subscriber_01.dir/src/topic_subscriber_01.cpp.o] Error 1
gmake[1]: *** [CMakeFiles/Makefile2:165: CMakeFiles/topic_subscriber_01.dir/all] Error 2
gmake: *** [Makefile:146: all] Error 2
