[0.008s] Invoking command in '/home/ymz/Codes/ros2_learning/chapt3/chapt3_ws/build/example_topic_rclcpp': CMAKE_PREFIX_PATH=${CMAKE_PREFIX_PATH}:/opt/ros/humble /usr/bin/cmake --build /home/ymz/Codes/ros2_learning/chapt3/chapt3_ws/build/example_topic_rclcpp -- -j4 -l4
[0.024s] -- Found ament_cmake: 1.3.10 (/opt/ros/humble/share/ament_cmake/cmake)
[0.103s] -- Found rclcpp: 16.0.10 (/opt/ros/humble/share/rclcpp/cmake)
[0.120s] -- Found rosidl_generator_c: 3.1.5 (/opt/ros/humble/share/rosidl_generator_c/cmake)
[0.122s] -- Found rosidl_adapter: 3.1.5 (/opt/ros/humble/share/rosidl_adapter/cmake)
[0.125s] -- Found rosidl_generator_cpp: 3.1.5 (/opt/ros/humble/share/rosidl_generator_cpp/cmake)
[0.131s] -- Using all available rosidl_typesupport_c: rosidl_typesupport_fastrtps_c;rosidl_typesupport_introspection_c
[0.138s] -- Using all available rosidl_typesupport_cpp: rosidl_typesupport_fastrtps_cpp;rosidl_typesupport_introspection_cpp
[0.159s] -- Found rmw_implementation_cmake: 6.1.2 (/opt/ros/humble/share/rmw_implementation_cmake/cmake)
[0.160s] -- Found rmw_fastrtps_cpp: 6.2.7 (/opt/ros/humble/share/rmw_fastrtps_cpp/cmake)
[0.220s] -- Using RMW implementation 'rmw_fastrtps_cpp' as default
[0.250s] -- Found ament_lint_auto: 0.12.11 (/opt/ros/humble/share/ament_lint_auto/cmake)
[0.293s] -- Added test 'cppcheck' to perform static code analysis on C / C++ code
[0.293s] -- Configured cppcheck include dirs: 
[0.293s] -- Configured cppcheck exclude dirs and/or files: 
[0.293s] -- Added test 'lint_cmake' to check CMake code style
[0.294s] -- Added test 'uncrustify' to check C / C++ code style
[0.294s] -- Configured uncrustify additional arguments: 
[0.294s] -- Added test 'xmllint' to check XML markup files
[0.295s] -- Configuring done
[0.305s] -- Generating done
[0.305s] -- Build files have been written to: /home/ymz/Codes/ros2_learning/chapt3/chapt3_ws/build/example_topic_rclcpp
[0.321s] [35m[1mConsolidate compiler generated dependencies of target topic_subscriber_01[0m
[0.324s] [35m[1mConsolidate compiler generated dependencies of target topic_publisher_01[0m
[0.331s] [ 25%] [32mBuilding CXX object CMakeFiles/topic_subscriber_01.dir/src/topic_subscriber_01.cpp.o[0m
[0.332s] [ 75%] Built target topic_publisher_01
[0.537s] [01m[K/home/ymz/Codes/ros2_learning/chapt3/chapt3_ws/src/example_topic_rclcpp/src/topic_subscriber_01.cpp:22:68:[m[K [01;35m[Kwarning: [m[Kmissing terminating " character
[0.537s]    22 |         RCLCPP_INFO(this->get_logger(), ""æ”¶åˆ°[%s]æŒ‡ä»¤ï¼Œå‘é€é€Ÿåº¦ %f[01;35m[K"[m[K, msg->data.c_str(),speed);
[0.537s]       |                                                                    [01;35m[K^[m[K
[0.537s] [01m[K/home/ymz/Codes/ros2_learning/chapt3/chapt3_ws/src/example_topic_rclcpp/src/topic_subscriber_01.cpp:33:2:[m[K [01;31m[Kerror: [m[Kunterminated argument list invoking macro "RCLCPP_INFO"
[0.537s]    33 | }
[0.537s]       |  [01;31m[K^[m[K
[1.888s] [01m[K/home/ymz/Codes/ros2_learning/chapt3/chapt3_ws/src/example_topic_rclcpp/src/topic_subscriber_01.cpp:14:50:[m[K [01;31m[Kerror: [m[Kâ€˜[01m[KShardPtr[m[Kâ€™ in â€˜[01m[Kclass rclcpp::Subscription<std_msgs::msg::String_<std::allocator<void> > >[m[Kâ€™ does not name a type
[1.888s]    14 |     rclcpp::Subscription<std_msgs::msg::String>::[01;31m[KShardPtr[m[K command_subscriber_;
[1.888s]       |                                                  [01;31m[K^~~~~~~~[m[K
[1.888s] [01m[K/home/ymz/Codes/ros2_learning/chapt3/chapt3_ws/src/example_topic_rclcpp/src/topic_subscriber_01.cpp:15:5:[m[K [01;31m[Kerror: [m[Kâ€˜[01m[Kcoid[m[Kâ€™ does not name a type; did you mean â€˜[01m[Kvoid[m[Kâ€™?
[1.888s]    15 |     [01;31m[Kcoid[m[K command_callback(const std_msgs::msg::String::SharedPtr msg)
[1.889s]       |     [01;31m[K^~~~[m[K
[1.889s]       |     [32m[Kvoid[m[K
[1.889s] [01m[K/home/ymz/Codes/ros2_learning/chapt3/chapt3_ws/src/example_topic_rclcpp/src/topic_subscriber_01.cpp:22:20:[m[K [01;31m[Kerror: [m[Kexpected â€˜[01m[K}[m[Kâ€™ at end of input
[1.889s]    22 |         RCLCPP_INFO[01;31m[K([m[Kthis->get_logger(), ""æ”¶åˆ°[%s]æŒ‡ä»¤ï¼Œå‘é€é€Ÿåº¦ %f", msg->data.c_str(),speed);
[1.889s]       |                    [01;31m[K^[m[K
[1.889s] [01m[K/home/ymz/Codes/ros2_learning/chapt3/chapt3_ws/src/example_topic_rclcpp/src/topic_subscriber_01.cpp:5:1:[m[K [01;36m[Knote: [m[Kto match this â€˜[01m[K{[m[Kâ€™
[1.889s]     5 | [01;36m[K{[m[K
[1.889s]       | [01;36m[K^[m[K
[1.895s] [01m[K/home/ymz/Codes/ros2_learning/chapt3/chapt3_ws/src/example_topic_rclcpp/src/topic_subscriber_01.cpp:[m[K In constructor â€˜[01m[KTopicSubscriber01::TopicSubscriber01(std::string)[m[Kâ€™:
[1.895s] [01m[K/home/ymz/Codes/ros2_learning/chapt3/chapt3_ws/src/example_topic_rclcpp/src/topic_subscriber_01.cpp:10:9:[m[K [01;31m[Kerror: [m[Kâ€˜[01m[Kcommand_subscriber_[m[Kâ€™ was not declared in this scope; did you mean â€˜[01m[Kcount_subscribers[m[Kâ€™?
[1.895s]    10 |         [01;31m[Kcommand_subscriber_[m[K = this->create_subscription<std_msgs::msg::String>("command",10, std::bind(&TopicSubscriber01::command_callback, this, std::placeholders::_1));
[1.895s]       |         [01;31m[K^~~~~~~~~~~~~~~~~~~[m[K
[1.895s]       |         [32m[Kcount_subscribers[m[K
[1.895s] [01m[K/home/ymz/Codes/ros2_learning/chapt3/chapt3_ws/src/example_topic_rclcpp/src/topic_subscriber_01.cpp:10:124:[m[K [01;31m[Kerror: [m[Kâ€˜[01m[Kcommand_callback[m[Kâ€™ is not a member of â€˜[01m[KTopicSubscriber01[m[Kâ€™
[1.896s]    10 |         command_subscriber_ = this->create_subscription<std_msgs::msg::String>("command",10, std::bind(&TopicSubscriber01::[01;31m[Kcommand_callback[m[K, this, std::placeholders::_1));
[1.896s]       |                                                                                                                            [01;31m[K^~~~~~~~~~~~~~~~[m[K
[1.896s] [01m[K/home/ymz/Codes/ros2_learning/chapt3/chapt3_ws/src/example_topic_rclcpp/src/topic_subscriber_01.cpp:[m[K At global scope:
[1.896s] [01m[K/home/ymz/Codes/ros2_learning/chapt3/chapt3_ws/src/example_topic_rclcpp/src/topic_subscriber_01.cpp:22:20:[m[K [01;31m[Kerror: [m[Kexpected unqualified-id at end of input
[1.896s]    22 |         RCLCPP_INFO[01;31m[K([m[Kthis->get_logger(), ""æ”¶åˆ°[%s]æŒ‡ä»¤ï¼Œå‘é€é€Ÿåº¦ %f", msg->data.c_str(),speed);
[1.896s]       |                    [01;31m[K^[m[K
[2.183s] gmake[2]: *** [CMakeFiles/topic_subscriber_01.dir/build.make:76: CMakeFiles/topic_subscriber_01.dir/src/topic_subscriber_01.cpp.o] Error 1
[2.183s] gmake[1]: *** [CMakeFiles/Makefile2:165: CMakeFiles/topic_subscriber_01.dir/all] Error 2
[2.183s] gmake: *** [Makefile:146: all] Error 2
[2.185s] Invoked command in '/home/ymz/Codes/ros2_learning/chapt3/chapt3_ws/build/example_topic_rclcpp' returned '2': CMAKE_PREFIX_PATH=${CMAKE_PREFIX_PATH}:/opt/ros/humble /usr/bin/cmake --build /home/ymz/Codes/ros2_learning/chapt3/chapt3_ws/build/example_topic_rclcpp -- -j4 -l4
